Erreur playChannel: Error: Not Found
    m https://webapp-je2bzk2qp-amouradores-projects.vercel.app/static/js/main.0120a1f5.js:2
main.0120a1f5.js:2:199164
Erreur de démarrage: Error: Not Found
    m https://webapp-je2bzk2qp-amouradores-projects.vercel.app/static/js/main.0120a1f5.js:2
main.0120a1f5.js:2:199864
XHRPOST
https://app-web-vercel-production.up.railway.app//api/play
[HTTP/2 404  263ms]

Erreur playChannel: Error: Not Found
    m https://webapp-je2bzk2qp-amouradores-projects.vercel.app/static/js/main.0120a1f5.js:2
    h https://webapp-je2bzk2qp-amouradores-projects.vercel.app/static/js/main.0120a1f5.js:2
    onClick https://webapp-je2bzk2qp-amouradores-projects.vercel.app/static/js/main.0120a1f5.js:2
    Xc https://webapp-je2bzk2qp-amouradores-projects.vercel.app/static/js/main.0120a1f5.js:2
    td https://webapp-je2bzk2qp-amouradores-projects.vercel.app/static/js/main.0120a1f5.js:2
    It https://webapp-je2bzk2qp-amouradores-projects.vercel.app/static/js/main.0120a1f5.js:2
    td https://webapp-je2bzk2qp-amouradores-projects.vercel.app/static/js/main.0120a1f5.js:2
    xf https://webapp-je2bzk2qp-amouradores-projects.vercel.app/static/js/main.0120a1f5.js:2
    wf https://webapp-je2bzk2qp-amouradores-projects.vercel.app/static/js/main.0120a1f5.js:2
main.0120a1f5.js:2:199164
Erreur de démarrage: Error: Not Found
    m https://webapp-je2bzk2qp-amouradores-projects.vercel.app/static/js/main.0120a1f5.js:2
    h https://webapp-je2bzk2qp-amouradores-projects.vercel.app/static/js/main.0120a1f5.js:2
    onClick https://webapp-je2bzk2qp-amouradores-projects.vercel.app/static/js/main.0120a1f5.js:2
    Xc https://webapp-je2bzk2qp-amouradores-projects.vercel.app/static/js/main.0120a1f5.js:2
    td https://webapp-je2bzk2qp-amouradores-projects.vercel.app/static/js/main.0120a1f5.js:2
    It https://webapp-je2bzk2qp-amouradores-projects.vercel.app/static/js/main.0120a1f5.js:2
    td https://webapp-je2bzk2qp-amouradores-projects.vercel.app/static/js/main.0120a1f5.js:2
    xf https://webapp-je2bzk2qp-amouradores-projects.vercel.app/static/js/main.0120a1f5.js:2
    wf https://webapp-je2bzk2qp-amouradores-projects.vercel.app/static/js/main.0120a1f5.js:2
main.0120a1f5.js:2:199864
XHRPOST
https://app-web-vercel-production.up.railway.app//api/play
[HTTP/2 404  103ms]

Erreur playChannel: Error: Not Found
    m https://webapp-je2bzk2qp-amouradores-projects.vercel.app/static/js/main.0120a1f5.js:2
    h https://webapp-je2bzk2qp-amouradores-projects.vercel.app/static/js/main.0120a1f5.js:2
    onClick https://webapp-je2bzk2qp-amouradores-projects.vercel.app/static/js/main.0120a1f5.js:2
    Xc https://webapp-je2bzk2qp-amouradores-projects.vercel.app/static/js/main.0120a1f5.js:2
    td https://webapp-je2bzk2qp-amouradores-projects.vercel.app/static/js/main.0120a1f5.js:2
    It https://webapp-je2bzk2qp-amouradores-projects.vercel.app/static/js/main.0120a1f5.js:2
    td https://webapp-je2bzk2qp-amouradores-projects.vercel.app/static/js/main.0120a1f5.js:2
    xf https://webapp-je2bzk2qp-amouradores-projects.vercel.app/static/js/main.0120a1f5.js:2
    wf https://webapp-je2bzk2qp-amouradores-projects.vercel.app/static/js/main.0120a1f5.js:2
main.0120a1f5.js:2:199164
Erreur de démarrage: Error: Not Found
    m https://webapp-je2bzk2qp-amouradores-projects.vercel.app/static/js/main.0120a1f5.js:2
    h https://webapp-je2bzk2qp-amouradores-projects.vercel.app/static/js/main.0120a1f5.js:2
    onClick https://webapp-je2bzk2qp-amouradores-projects.vercel.app/static/js/main.0120a1f5.js:2
    Xc https://webapp-je2bzk2qp-amouradores-projects.vercel.app/static/js/main.0120a1f5.js:2
    td https://webapp-je2bzk2qp-amouradores-projects.vercel.app/static/js/main.0120a1f5.js:2
    It https://webapp-je2bzk2qp-amouradores-projects.vercel.app/static/js/main.0120a1f5.js:2
    td https://webapp-je2bzk2qp-amouradores-projects.vercel.app/static/js/main.0120a1f5.js:2
    xf https://webapp-je2bzk2qp-amouradores-projects.vercel.app/static/js/main.0120a1f5.js:2
    wf https://webapp-je2bzk2qp-amouradores-projects.vercel.app/static/js/main.0120a1f5.js:2
main.0120a1f5.js:2:199864

​